2023-05-17 09:30:04,999 INFO 2023-05-17 09:30:04 - https://www.wetterdienst.de/Deutschlandwetter/Garbsen/Aktuell/ - Temperature: 9.4
2023-05-17 09:30:05,429 INFO 2023-05-17 09:30:05 - https://www.topweather.net/en/weather-anderten-niedersachsen-de391711/ - Temperature: 8.5
2023-05-17 09:30:06,829 INFO 2023-05-17 09:30:06 - https://de.euronews.com/wetter/europa/deutschland/langenhagen - Temperature: 10.0
2023-05-17 09:30:06,829 INFO Temperature data saved to HDF5 file.
2023-05-17 10:30:07,428 INFO 2023-05-17 10:30:07 - https://www.wetterdienst.de/Deutschlandwetter/Garbsen/Aktuell/ - Temperature: 9.7
2023-05-17 10:30:07,840 INFO 2023-05-17 10:30:07 - https://www.topweather.net/en/weather-anderten-niedersachsen-de391711/ - Temperature: 9.6
2023-05-17 10:30:09,148 INFO 2023-05-17 10:30:09 - https://de.euronews.com/wetter/europa/deutschland/langenhagen - Temperature: 11.0
2023-05-17 10:30:09,149 INFO Temperature data saved to HDF5 file.
2023-05-17 11:30:04,871 INFO 2023-05-17 11:30:04 - https://www.wetterdienst.de/Deutschlandwetter/Garbsen/Aktuell/ - Temperature: 10.0
2023-05-17 11:30:05,283 INFO 2023-05-17 11:30:05 - https://www.topweather.net/en/weather-anderten-niedersachsen-de391711/ - Temperature: 9.8
2023-05-17 11:30:06,125 INFO 2023-05-17 11:30:06 - https://de.euronews.com/wetter/europa/deutschland/langenhagen - Temperature: 11.0
2023-05-17 11:30:06,126 INFO Temperature data saved to HDF5 file.
2023-05-17 12:30:03,282 INFO 2023-05-17 12:30:03 - https://www.wetterdienst.de/Deutschlandwetter/Garbsen/Aktuell/ - Temperature: 10.4
2023-05-17 12:30:03,707 INFO 2023-05-17 12:30:03 - https://www.topweather.net/en/weather-anderten-niedersachsen-de391711/ - Temperature: 10.4
2023-05-17 12:30:04,956 INFO 2023-05-17 12:30:04 - https://de.euronews.com/wetter/europa/deutschland/langenhagen - Temperature: 12.0
2023-05-17 12:30:04,956 INFO Temperature data saved to HDF5 file.
2023-05-17 13:30:03,402 INFO 2023-05-17 13:30:03 - https://www.wetterdienst.de/Deutschlandwetter/Garbsen/Aktuell/ - Temperature: 11.3
2023-05-17 13:30:03,737 INFO 2023-05-17 13:30:03 - https://www.topweather.net/en/weather-anderten-niedersachsen-de391711/ - Temperature: 11.0
2023-05-17 13:30:04,214 INFO 2023-05-17 13:30:04 - https://de.euronews.com/wetter/europa/deutschland/langenhagen - Temperature: 12.0
2023-05-17 13:30:04,214 INFO Temperature data saved to HDF5 file.
2023-05-17 14:30:03,357 INFO 2023-05-17 14:30:03 - https://www.wetterdienst.de/Deutschlandwetter/Garbsen/Aktuell/ - Temperature: 12.0
2023-05-17 14:30:03,711 INFO 2023-05-17 14:30:03 - https://www.topweather.net/en/weather-anderten-niedersachsen-de391711/ - Temperature: 11.7
2023-05-17 14:30:03,970 INFO 2023-05-17 14:30:03 - https://de.euronews.com/wetter/europa/deutschland/langenhagen - Temperature: 14.0
2023-05-17 14:30:03,970 INFO Temperature data saved to HDF5 file.
2023-05-17 15:30:03,297 INFO 2023-05-17 15:30:03 - https://www.wetterdienst.de/Deutschlandwetter/Garbsen/Aktuell/ - Temperature: 11.3
2023-05-17 15:30:03,645 INFO 2023-05-17 15:30:03 - https://www.topweather.net/en/weather-anderten-niedersachsen-de391711/ - Temperature: 12.0
2023-05-17 15:30:04,739 INFO 2023-05-17 15:30:04 - https://de.euronews.com/wetter/europa/deutschland/langenhagen - Temperature: 13.0
2023-05-17 15:30:04,739 INFO Temperature data saved to HDF5 file.
2023-05-17 16:30:03,296 INFO 2023-05-17 16:30:03 - https://www.wetterdienst.de/Deutschlandwetter/Garbsen/Aktuell/ - Temperature: 11.2
2023-05-17 16:30:03,678 INFO 2023-05-17 16:30:03 - https://www.topweather.net/en/weather-anderten-niedersachsen-de391711/ - Temperature: 11.9
2023-05-17 16:30:04,214 INFO 2023-05-17 16:30:04 - https://de.euronews.com/wetter/europa/deutschland/langenhagen - Temperature: 13.0
2023-05-17 16:30:04,214 INFO Temperature data saved to HDF5 file.
2023-05-17 17:30:03,322 INFO 2023-05-17 17:30:03 - https://www.wetterdienst.de/Deutschlandwetter/Garbsen/Aktuell/ - Temperature: 12.5
2023-05-17 17:30:03,668 INFO 2023-05-17 17:30:03 - https://www.topweather.net/en/weather-anderten-niedersachsen-de391711/ - Temperature: 12.2
2023-05-17 17:30:04,867 INFO 2023-05-17 17:30:04 - https://de.euronews.com/wetter/europa/deutschland/langenhagen - Temperature: 13.0
2023-05-17 17:30:04,867 INFO Temperature data saved to HDF5 file.
2023-05-17 18:30:03,456 INFO 2023-05-17 18:30:03 - https://www.wetterdienst.de/Deutschlandwetter/Garbsen/Aktuell/ - Temperature: 12.0
2023-05-17 18:30:03,795 INFO 2023-05-17 18:30:03 - https://www.topweather.net/en/weather-anderten-niedersachsen-de391711/ - Temperature: 12.7
2023-05-17 18:30:03,985 INFO 2023-05-17 18:30:03 - https://de.euronews.com/wetter/europa/deutschland/langenhagen - Temperature: 13.0
2023-05-17 18:30:03,985 INFO Temperature data saved to HDF5 file.
2023-05-17 19:30:02,681 INFO 2023-05-17 19:30:02 - https://www.wetterdienst.de/Deutschlandwetter/Garbsen/Aktuell/ - Temperature: 10.8
2023-05-17 19:30:03,047 INFO 2023-05-17 19:30:03 - https://www.topweather.net/en/weather-anderten-niedersachsen-de391711/ - Temperature: 12.6
2023-05-17 19:30:04,891 INFO 2023-05-17 19:30:04 - https://de.euronews.com/wetter/europa/deutschland/langenhagen - Temperature: 11.0
2023-05-17 19:30:04,892 INFO Temperature data saved to HDF5 file.
2023-05-17 20:30:05,477 INFO 2023-05-17 20:30:05 - https://www.wetterdienst.de/Deutschlandwetter/Garbsen/Aktuell/ - Temperature: 10.4
2023-05-17 21:30:02,834 INFO 2023-05-17 21:30:02 - https://www.wetterdienst.de/Deutschlandwetter/Garbsen/Aktuell/ - Temperature: 8.4
2023-05-17 21:30:03,180 INFO 2023-05-17 21:30:03 - https://www.topweather.net/en/weather-anderten-niedersachsen-de391711/ - Temperature: 10.6
2023-05-17 21:30:04,517 INFO 2023-05-17 21:30:04 - https://de.euronews.com/wetter/europa/deutschland/langenhagen - Temperature: 8.0
2023-05-17 21:30:04,517 INFO Temperature data saved to HDF5 file.
2023-05-17 22:30:02,663 INFO 2023-05-17 22:30:02 - https://www.wetterdienst.de/Deutschlandwetter/Garbsen/Aktuell/ - Temperature: 6.6
2023-05-17 22:30:03,028 INFO 2023-05-17 22:30:03 - https://www.topweather.net/en/weather-anderten-niedersachsen-de391711/ - Temperature: 8.9
2023-05-17 22:30:03,464 INFO 2023-05-17 22:30:03 - https://de.euronews.com/wetter/europa/deutschland/langenhagen - Temperature: 8.0
2023-05-17 22:30:03,464 INFO Temperature data saved to HDF5 file.
2023-05-17 23:30:02,682 INFO 2023-05-17 23:30:02 - https://www.wetterdienst.de/Deutschlandwetter/Garbsen/Aktuell/ - Temperature: 6.0
2023-05-17 23:30:02,990 INFO 2023-05-17 23:30:02 - https://www.topweather.net/en/weather-anderten-niedersachsen-de391711/ - Temperature: 7.1
2023-05-17 23:30:04,331 INFO 2023-05-17 23:30:04 - https://de.euronews.com/wetter/europa/deutschland/langenhagen - Temperature: 5.0
2023-05-17 23:30:04,331 INFO Temperature data saved to HDF5 file.
2023-05-18 00:30:03,638 INFO 2023-05-18 00:30:03 - https://www.wetterdienst.de/Deutschlandwetter/Garbsen/Aktuell/ - Temperature: 3.9
2023-05-18 00:30:04,293 INFO 2023-05-18 00:30:04 - https://www.topweather.net/en/weather-anderten-niedersachsen-de391711/ - Temperature: 6.2
2023-05-18 00:30:06,707 INFO 2023-05-18 00:30:06 - https://de.euronews.com/wetter/europa/deutschland/langenhagen - Temperature: 4.0
2023-05-18 00:30:06,707 INFO Temperature data saved to HDF5 file.
2023-05-18 01:30:02,844 INFO 2023-05-18 01:30:02 - https://www.wetterdienst.de/Deutschlandwetter/Garbsen/Aktuell/ - Temperature: 2.6
2023-05-18 01:30:03,193 INFO 2023-05-18 01:30:03 - https://www.topweather.net/en/weather-anderten-niedersachsen-de391711/ - Temperature: 4.6
2023-05-18 01:30:03,937 INFO 2023-05-18 01:30:03 - https://de.euronews.com/wetter/europa/deutschland/langenhagen - Temperature: 4.0
2023-05-18 01:30:03,937 INFO Temperature data saved to HDF5 file.
2023-05-18 02:30:02,825 INFO 2023-05-18 02:30:02 - https://www.wetterdienst.de/Deutschlandwetter/Garbsen/Aktuell/ - Temperature: 1.9
2023-05-18 02:30:03,172 INFO 2023-05-18 02:30:03 - https://www.topweather.net/en/weather-anderten-niedersachsen-de391711/ - Temperature: 3.5
2023-05-18 02:30:04,353 INFO 2023-05-18 02:30:04 - https://de.euronews.com/wetter/europa/deutschland/langenhagen - Temperature: 2.0
2023-05-18 02:30:04,354 INFO Temperature data saved to HDF5 file.
2023-05-18 03:30:02,634 INFO 2023-05-18 03:30:02 - https://www.wetterdienst.de/Deutschlandwetter/Garbsen/Aktuell/ - Temperature: 0.8
2023-05-18 03:30:02,958 INFO 2023-05-18 03:30:02 - https://www.topweather.net/en/weather-anderten-niedersachsen-de391711/ - Temperature: 2.5
2023-05-18 03:30:03,385 INFO 2023-05-18 03:30:03 - https://de.euronews.com/wetter/europa/deutschland/langenhagen - Temperature: 2.0
2023-05-18 03:30:03,385 INFO Temperature data saved to HDF5 file.
2023-05-18 04:30:01,819 INFO 2023-05-18 04:30:01 - https://www.wetterdienst.de/Deutschlandwetter/Garbsen/Aktuell/ - Temperature: 0.5
2023-05-18 04:30:02,248 INFO 2023-05-18 04:30:02 - https://www.topweather.net/en/weather-anderten-niedersachsen-de391711/ - Temperature: 1.6
2023-05-18 04:30:03,417 INFO 2023-05-18 04:30:03 - https://de.euronews.com/wetter/europa/deutschland/langenhagen - Temperature: 1.0
2023-05-18 04:30:03,417 INFO Temperature data saved to HDF5 file.
2023-05-18 05:30:01,639 INFO 2023-05-18 05:30:01 - https://www.wetterdienst.de/Deutschlandwetter/Garbsen/Aktuell/ - Temperature: 0.0
2023-05-18 05:30:01,994 INFO 2023-05-18 05:30:01 - https://www.topweather.net/en/weather-anderten-niedersachsen-de391711/ - Temperature: 1.1
2023-05-18 05:30:02,621 INFO 2023-05-18 05:30:02 - https://de.euronews.com/wetter/europa/deutschland/langenhagen - Temperature: 1.0
2023-05-18 05:30:02,621 INFO Temperature data saved to HDF5 file.
2023-05-18 06:30:01,665 INFO 2023-05-18 06:30:01 - https://www.wetterdienst.de/Deutschlandwetter/Garbsen/Aktuell/ - Temperature: -0.2
2023-05-18 06:30:02,112 INFO 2023-05-18 06:30:02 - https://www.topweather.net/en/weather-anderten-niedersachsen-de391711/ - Temperature: 0.5
2023-05-18 06:30:02,920 INFO 2023-05-18 06:30:02 - https://de.euronews.com/wetter/europa/deutschland/langenhagen - Temperature: 3.0
2023-05-18 06:30:02,920 INFO Temperature data saved to HDF5 file.
2023-05-18 07:30:01,822 INFO 2023-05-18 07:30:01 - https://www.wetterdienst.de/Deutschlandwetter/Garbsen/Aktuell/ - Temperature: 1.0
2023-05-18 07:30:02,144 INFO 2023-05-18 07:30:02 - https://www.topweather.net/en/weather-anderten-niedersachsen-de391711/ - Temperature: 0.4
2023-05-18 07:30:02,624 INFO 2023-05-18 07:30:02 - https://de.euronews.com/wetter/europa/deutschland/langenhagen - Temperature: 3.0
2023-05-18 07:30:02,625 INFO Temperature data saved to HDF5 file.
2023-05-18 08:30:04,200 INFO 2023-05-18 08:30:04 - https://www.wetterdienst.de/Deutschlandwetter/Garbsen/Aktuell/ - Temperature: 6.2
2023-05-18 08:30:04,672 INFO 2023-05-18 08:30:04 - https://www.topweather.net/en/weather-anderten-niedersachsen-de391711/ - Temperature: 1.8
2023-05-18 08:30:05,609 INFO 2023-05-18 08:30:05 - https://de.euronews.com/wetter/europa/deutschland/langenhagen - Temperature: 8.0
2023-05-18 08:30:05,609 INFO Temperature data saved to HDF5 file.
2023-05-18 09:30:01,906 INFO 2023-05-18 09:30:01 - https://www.wetterdienst.de/Deutschlandwetter/Garbsen/Aktuell/ - Temperature: 8.3
2023-05-18 09:30:02,244 INFO 2023-05-18 09:30:02 - https://www.topweather.net/en/weather-anderten-niedersachsen-de391711/ - Temperature: 6.2
2023-05-18 09:30:02,706 INFO 2023-05-18 09:30:02 - https://de.euronews.com/wetter/europa/deutschland/langenhagen - Temperature: 8.0
2023-05-18 09:30:02,706 INFO Temperature data saved to HDF5 file.
2023-05-18 10:30:02,204 INFO 2023-05-18 10:30:02 - https://www.wetterdienst.de/Deutschlandwetter/Garbsen/Aktuell/ - Temperature: 9.7
2023-05-18 10:30:02,553 INFO 2023-05-18 10:30:02 - https://www.topweather.net/en/weather-anderten-niedersachsen-de391711/ - Temperature: 8.3
2023-05-18 10:30:03,669 INFO 2023-05-18 10:30:03 - https://de.euronews.com/wetter/europa/deutschland/langenhagen - Temperature: 12.0
2023-05-18 10:30:03,670 INFO Temperature data saved to HDF5 file.
2023-05-18 11:30:01,909 INFO 2023-05-18 11:30:01 - https://www.wetterdienst.de/Deutschlandwetter/Garbsen/Aktuell/ - Temperature: 10.5
2023-05-18 11:30:02,234 INFO 2023-05-18 11:30:02 - https://www.topweather.net/en/weather-anderten-niedersachsen-de391711/ - Temperature: 9.4
2023-05-18 11:30:02,605 INFO 2023-05-18 11:30:02 - https://de.euronews.com/wetter/europa/deutschland/langenhagen - Temperature: 12.0
2023-05-18 11:30:02,606 INFO Temperature data saved to HDF5 file.
2023-05-18 12:30:02,385 INFO 2023-05-18 12:30:02 - https://www.wetterdienst.de/Deutschlandwetter/Garbsen/Aktuell/ - Temperature: 11.2
2023-05-18 12:30:02,751 INFO 2023-05-18 12:30:02 - https://www.topweather.net/en/weather-anderten-niedersachsen-de391711/ - Temperature: 10.6
2023-05-18 12:30:03,826 INFO 2023-05-18 12:30:03 - https://de.euronews.com/wetter/europa/deutschland/langenhagen - Temperature: 13.0
2023-05-18 12:30:03,826 INFO Temperature data saved to HDF5 file.
2023-05-18 13:30:02,364 INFO 2023-05-18 13:30:02 - https://www.wetterdienst.de/Deutschlandwetter/Garbsen/Aktuell/ - Temperature: 12.6
2023-05-18 13:30:02,712 INFO 2023-05-18 13:30:02 - https://www.topweather.net/en/weather-anderten-niedersachsen-de391711/ - Temperature: 11.5
2023-05-18 13:30:03,146 INFO 2023-05-18 13:30:03 - https://de.euronews.com/wetter/europa/deutschland/langenhagen - Temperature: 13.0
2023-05-18 13:30:03,146 INFO Temperature data saved to HDF5 file.
2023-05-18 14:30:02,455 INFO 2023-05-18 14:30:02 - https://www.wetterdienst.de/Deutschlandwetter/Garbsen/Aktuell/ - Temperature: 13.8
2023-05-18 14:30:02,964 INFO 2023-05-18 14:30:02 - https://www.topweather.net/en/weather-anderten-niedersachsen-de391711/ - Temperature: 12.5
2023-05-18 14:30:03,932 INFO 2023-05-18 14:30:03 - https://de.euronews.com/wetter/europa/deutschland/langenhagen - Temperature: 15.0
2023-05-18 14:30:03,932 INFO Temperature data saved to HDF5 file.
2023-05-18 15:30:01,881 INFO 2023-05-18 15:30:01 - https://www.wetterdienst.de/Deutschlandwetter/Garbsen/Aktuell/ - Temperature: 14.5
2023-05-18 15:30:02,180 INFO 2023-05-18 15:30:02 - https://www.topweather.net/en/weather-anderten-niedersachsen-de391711/ - Temperature: 13.5
2023-05-18 15:30:02,633 INFO 2023-05-18 15:30:02 - https://de.euronews.com/wetter/europa/deutschland/langenhagen - Temperature: 15.0
2023-05-18 15:30:02,633 INFO Temperature data saved to HDF5 file.
2023-05-18 16:30:01,835 INFO 2023-05-18 16:30:01 - https://www.wetterdienst.de/Deutschlandwetter/Garbsen/Aktuell/ - Temperature: 14.9
2023-05-18 16:30:02,188 INFO 2023-05-18 16:30:02 - https://www.topweather.net/en/weather-anderten-niedersachsen-de391711/ - Temperature: 14.1
2023-05-18 16:30:03,295 INFO 2023-05-18 16:30:03 - https://de.euronews.com/wetter/europa/deutschland/langenhagen - Temperature: 16.0
2023-05-18 16:30:03,295 INFO Temperature data saved to HDF5 file.
2023-05-18 17:30:02,228 INFO 2023-05-18 17:30:02 - https://www.wetterdienst.de/Deutschlandwetter/Garbsen/Aktuell/ - Temperature: 15.6
2023-05-18 17:30:02,575 INFO 2023-05-18 17:30:02 - https://www.topweather.net/en/weather-anderten-niedersachsen-de391711/ - Temperature: 14.9
2023-05-18 17:30:02,961 INFO 2023-05-18 17:30:02 - https://de.euronews.com/wetter/europa/deutschland/langenhagen - Temperature: 16.0
2023-05-18 17:30:02,961 INFO Temperature data saved to HDF5 file.
2023-05-18 18:30:02,089 INFO 2023-05-18 18:30:02 - https://www.wetterdienst.de/Deutschlandwetter/Garbsen/Aktuell/ - Temperature: 15.3
2023-05-18 19:30:02,348 INFO 2023-05-18 19:30:02 - https://www.wetterdienst.de/Deutschlandwetter/Garbsen/Aktuell/ - Temperature: 15.7
2023-05-18 19:30:02,674 INFO 2023-05-18 19:30:02 - https://www.topweather.net/en/weather-anderten-niedersachsen-de391711/ - Temperature: 15.6
2023-05-18 19:30:02,849 INFO 2023-05-18 19:30:02 - https://de.euronews.com/wetter/europa/deutschland/langenhagen - Temperature: 16.0
2023-05-18 19:30:02,849 INFO Temperature data saved to HDF5 file.
